Started POST "/users" for 127.0.0.1 at 2023-03-22 11:21:27 +0300
  [1m[35m (16.1ms)[0m  [1m[35mCREATE TABLE "schema_migrations" ("version" varchar NOT NULL PRIMARY KEY)[0m
  [1m[35m (59.8ms)[0m  [1m[35mCREATE TABLE "ar_internal_metadata" ("key" varchar NOT NULL PRIMARY KEY, "value" varchar, "created_at" datetime(6) NOT NULL, "updated_at" datetime(6) NOT NULL)[0m
  [1m[36mActiveRecord::SchemaMigration Pluck (0.2ms)[0m  [1m[34mSELECT "schema_migrations"."version" FROM "schema_migrations" ORDER BY "schema_migrations"."version" ASC[0m
  
ActiveRecord::PendingMigrationError (

Migrations are pending. To resolve this issue, run:

        bin/rails db:migrate RAILS_ENV=development

You have 1 pending migration:

20230322074304_create_users.rb


):
  
activerecord (7.0.4.3) lib/active_record/migration.rb:627:in `check_pending!'
activerecord (7.0.4.3) lib/active_record/migration.rb:592:in `block (2 levels) in call'
activesupport (7.0.4.3) lib/active_support/file_update_checker.rb:83:in `execute'
activerecord (7.0.4.3) lib/active_record/migration.rb:597:in `block in call'
activerecord (7.0.4.3) lib/active_record/migration.rb:589:in `synchronize'
activerecord (7.0.4.3) lib/active_record/migration.rb:589:in `call'
actionpack (7.0.4.3) lib/action_dispatch/middleware/callbacks.rb:27:in `block in call'
activesupport (7.0.4.3) lib/active_support/callbacks.rb:99:in `run_callbacks'
actionpack (7.0.4.3) lib/action_dispatch/middleware/callbacks.rb:26:in `call'
actionpack (7.0.4.3) lib/action_dispatch/middleware/executor.rb:14:in `call'
actionpack (7.0.4.3) lib/action_dispatch/middleware/actionable_exceptions.rb:17:in `call'
actionpack (7.0.4.3) lib/action_dispatch/middleware/debug_exceptions.rb:28:in `call'
actionpack (7.0.4.3) lib/action_dispatch/middleware/show_exceptions.rb:26:in `call'
railties (7.0.4.3) lib/rails/rack/logger.rb:40:in `call_app'
railties (7.0.4.3) lib/rails/rack/logger.rb:25:in `block in call'
activesupport (7.0.4.3) lib/active_support/tagged_logging.rb:99:in `block in tagged'
activesupport (7.0.4.3) lib/active_support/tagged_logging.rb:37:in `tagged'
activesupport (7.0.4.3) lib/active_support/tagged_logging.rb:99:in `tagged'
railties (7.0.4.3) lib/rails/rack/logger.rb:25:in `call'
actionpack (7.0.4.3) lib/action_dispatch/middleware/remote_ip.rb:93:in `call'
actionpack (7.0.4.3) lib/action_dispatch/middleware/request_id.rb:26:in `call'
rack (2.2.6.4) lib/rack/runtime.rb:22:in `call'
activesupport (7.0.4.3) lib/active_support/cache/strategy/local_cache_middleware.rb:29:in `call'
actionpack (7.0.4.3) lib/action_dispatch/middleware/server_timing.rb:61:in `block in call'
actionpack (7.0.4.3) lib/action_dispatch/middleware/server_timing.rb:26:in `collect_events'
actionpack (7.0.4.3) lib/action_dispatch/middleware/server_timing.rb:60:in `call'
actionpack (7.0.4.3) lib/action_dispatch/middleware/executor.rb:14:in `call'
actionpack (7.0.4.3) lib/action_dispatch/middleware/static.rb:23:in `call'
rack (2.2.6.4) lib/rack/sendfile.rb:110:in `call'
actionpack (7.0.4.3) lib/action_dispatch/middleware/host_authorization.rb:137:in `call'
railties (7.0.4.3) lib/rails/engine.rb:530:in `call'
puma (5.6.5) lib/puma/configuration.rb:252:in `call'
puma (5.6.5) lib/puma/request.rb:77:in `block in handle_request'
puma (5.6.5) lib/puma/thread_pool.rb:340:in `with_force_shutdown'
puma (5.6.5) lib/puma/request.rb:76:in `handle_request'
puma (5.6.5) lib/puma/server.rb:443:in `process_client'
puma (5.6.5) lib/puma/thread_pool.rb:147:in `block in spawn_thread'
  [1m[36mActiveRecord::SchemaMigration Pluck (0.2ms)[0m  [1m[34mSELECT "schema_migrations"."version" FROM "schema_migrations" ORDER BY "schema_migrations"."version" ASC[0m
Migrating to CreateUsers (20230322074304)
  [1m[36mTRANSACTION (0.1ms)[0m  [1m[36mbegin transaction[0m
  [1m[35m (4.1ms)[0m  [1m[35mCREATE TABLE "users" ("id" integer PRIMARY KEY AUTOINCREMENT NOT NULL, "username" varchar NOT NULL, "email" varchar NOT NULL, "password_digest" varchar NOT NULL, "created_at" datetime(6) NOT NULL, "updated_at" datetime(6) NOT NULL)[0m
  [1m[36mActiveRecord::SchemaMigration Create (0.4ms)[0m  [1m[32mINSERT INTO "schema_migrations" ("version") VALUES (?)[0m  [["version", "20230322074304"]]
  [1m[36mTRANSACTION (22.8ms)[0m  [1m[36mcommit transaction[0m
  [1m[36mActiveRecord::InternalMetadata Load (0.2ms)[0m  [1m[34mSELECT "ar_internal_metadata".* FROM "ar_internal_metadata" WHERE "ar_internal_metadata"."key" = ? LIMIT ?[0m  [["key", "environment"], ["LIMIT", 1]]
  [1m[36mTRANSACTION (0.1ms)[0m  [1m[36mbegin transaction[0m
  [1m[36mActiveRecord::InternalMetadata Create (0.4ms)[0m  [1m[32mINSERT INTO "ar_internal_metadata" ("key", "value", "created_at", "updated_at") VALUES (?, ?, ?, ?)[0m  [["key", "environment"], ["value", "development"], ["created_at", "2023-03-22 08:22:01.802099"], ["updated_at", "2023-03-22 08:22:01.802099"]]
  [1m[36mTRANSACTION (31.7ms)[0m  [1m[36mcommit transaction[0m
  [1m[36mActiveRecord::SchemaMigration Pluck (0.1ms)[0m  [1m[34mSELECT "schema_migrations"."version" FROM "schema_migrations" ORDER BY "schema_migrations"."version" ASC[0m
Started POST "/users" for 127.0.0.1 at 2023-03-22 11:22:04 +0300
  [1m[36mActiveRecord::SchemaMigration Pluck (0.2ms)[0m  [1m[34mSELECT "schema_migrations"."version" FROM "schema_migrations" ORDER BY "schema_migrations"."version" ASC[0m
  
ArgumentError (Unknown validator: 'UniqenessValidator'):
  
app/models/user.rb:3:in `<class:User>'
app/models/user.rb:1:in `<main>'
Started POST "/users" for 127.0.0.1 at 2023-03-22 11:22:29 +0300
  
NoMethodError (undefined method `vaidates' for User (call 'User.connection' to establish a connection):Class
Did you mean?  validates
               validates!
               validate):
  
app/models/user.rb:4:in `<class:User>'
app/models/user.rb:1:in `<main>'
Started POST "/users" for 127.0.0.1 at 2023-03-22 11:22:42 +0300
Processing by UsersController#register as */*
  Parameters: {"username"=>"ada", "email"=>"mail@google.com", "password"=>"[FILTERED]", "user"=>{"username"=>"ada", "email"=>"mail@google.com"}}
[31mUnpermitted parameter: :user. Context: { controller: UsersController, action: register, request: #<ActionDispatch::Request:0x0000563876635f10>, params: {"username"=>"ada", "email"=>"mail@google.com", "password"=>"[FILTERED]", "controller"=>"users", "action"=>"register", "user"=>{"username"=>"ada", "email"=>"mail@google.com"}} }[0m
Completed 500 Internal Server Error in 127ms (ActiveRecord: 1.7ms | Allocations: 36388)


  
NoMethodError (undefined method `empty?' for 12345678:Integer):
  
app/controllers/users_controller.rb:3:in `register'
Started POST "/users" for 127.0.0.1 at 2023-03-22 11:23:35 +0300
Processing by UsersController#register as */*
  Parameters: {"username"=>"ada", "email"=>"mail@google.com", "password"=>"[FILTERED]", "user"=>{"username"=>"ada", "email"=>"mail@google.com"}}
[31mUnpermitted parameter: :user. Context: { controller: UsersController, action: register, request: #<ActionDispatch::Request:0x00007fe7a090e090>, params: {"username"=>"ada", "email"=>"mail@google.com", "password"=>"[FILTERED]", "controller"=>"users", "action"=>"register", "user"=>{"username"=>"ada", "email"=>"mail@google.com"}} }[0m
Completed 500 Internal Server Error in 17ms (ActiveRecord: 0.9ms | Allocations: 2503)


  
NoMethodError (undefined method `empty?' for 12345678:Integer):
  
app/controllers/users_controller.rb:3:in `register'
Started POST "/users" for 127.0.0.1 at 2023-03-22 11:23:43 +0300
Processing by UsersController#register as */*
  Parameters: {"username"=>"adaasasa", "email"=>"mail@google.com", "password"=>"[FILTERED]", "user"=>{"username"=>"adaasasa", "email"=>"mail@google.com"}}
[31mUnpermitted parameter: :user. Context: { controller: UsersController, action: register, request: #<ActionDispatch::Request:0x00007fe79cd84e98>, params: {"username"=>"adaasasa", "email"=>"mail@google.com", "password"=>"[FILTERED]", "controller"=>"users", "action"=>"register", "user"=>{"username"=>"adaasasa", "email"=>"mail@google.com"}} }[0m
Completed 500 Internal Server Error in 10ms (ActiveRecord: 0.0ms | Allocations: 1202)


  
NoMethodError (undefined method `empty?' for 12345678:Integer):
  
app/controllers/users_controller.rb:3:in `register'
Started POST "/users" for 127.0.0.1 at 2023-03-22 11:24:34 +0300
Processing by UsersController#register as */*
  Parameters: {"username"=>"asa", "email"=>"mail@google.com", "password"=>"[FILTERED]", "user"=>{"username"=>"asa", "email"=>"mail@google.com"}}
[31mUnpermitted parameter: :user. Context: { controller: UsersController, action: register, request: #<ActionDispatch::Request:0x00007fe780008f10>, params: {"username"=>"asa", "email"=>"mail@google.com", "password"=>"[FILTERED]", "controller"=>"users", "action"=>"register", "user"=>{"username"=>"asa", "email"=>"mail@google.com"}} }[0m
  [1m[36mTRANSACTION (0.2ms)[0m  [1m[36mbegin transaction[0m
  ↳ app/controllers/users_controller.rb:3:in `register'
  [1m[36mUser Exists? (2.6ms)[0m  [1m[34mSELECT 1 AS one FROM "users" WHERE "users"."username" = ? LIMIT ?[0m  [["username", "asa"], ["LIMIT", 1]]
  ↳ app/controllers/users_controller.rb:3:in `register'
  [1m[36mUser Exists? (0.1ms)[0m  [1m[34mSELECT 1 AS one FROM "users" WHERE "users"."email" = ? LIMIT ?[0m  [["email", "mail@google.com"], ["LIMIT", 1]]
  ↳ app/controllers/users_controller.rb:3:in `register'
  [1m[36mTRANSACTION (0.1ms)[0m  [1m[31mrollback transaction[0m
  ↳ app/controllers/users_controller.rb:3:in `register'
Completed 422 Unprocessable Entity in 312ms (ActiveRecord: 3.0ms | Allocations: 7601)


  
ActiveRecord::RecordInvalid (Validation failed: Username is too short (minimum is 5 characters)):
  
app/controllers/users_controller.rb:3:in `register'
Started POST "/users" for 127.0.0.1 at 2023-03-22 11:24:44 +0300
Processing by UsersController#register as */*
  Parameters: {"username"=>"oyier", "email"=>"mail@google.com", "password"=>"[FILTERED]", "user"=>{"username"=>"oyier", "email"=>"mail@google.com"}}
[31mUnpermitted parameter: :user. Context: { controller: UsersController, action: register, request: #<ActionDispatch::Request:0x00007fe788235e98>, params: {"username"=>"oyier", "email"=>"mail@google.com", "password"=>"[FILTERED]", "controller"=>"users", "action"=>"register", "user"=>{"username"=>"oyier", "email"=>"mail@google.com"}} }[0m
  [1m[36mTRANSACTION (0.1ms)[0m  [1m[36mbegin transaction[0m
  ↳ app/controllers/users_controller.rb:3:in `register'
  [1m[36mUser Exists? (0.2ms)[0m  [1m[34mSELECT 1 AS one FROM "users" WHERE "users"."username" = ? LIMIT ?[0m  [["username", "oyier"], ["LIMIT", 1]]
  ↳ app/controllers/users_controller.rb:3:in `register'
  [1m[36mUser Exists? (0.1ms)[0m  [1m[34mSELECT 1 AS one FROM "users" WHERE "users"."email" = ? LIMIT ?[0m  [["email", "mail@google.com"], ["LIMIT", 1]]
  ↳ app/controllers/users_controller.rb:3:in `register'
  [1m[36mUser Create (0.5ms)[0m  [1m[32mINSERT INTO "users" ("username", "email", "password_digest", "created_at", "updated_at") VALUES (?, ?, ?, ?, ?)[0m  [["username", "oyier"], ["email", "mail@google.com"], ["password_digest", "[FILTERED]"], ["created_at", "2023-03-22 08:24:44.690876"], ["updated_at", "2023-03-22 08:24:44.690876"]]
  ↳ app/controllers/users_controller.rb:3:in `register'
  [1m[36mTRANSACTION (35.7ms)[0m  [1m[36mcommit transaction[0m
  ↳ app/controllers/users_controller.rb:3:in `register'
  [1m[36mUser Exists? (0.2ms)[0m  [1m[34mSELECT 1 AS one FROM "users" WHERE "users"."username" = ? AND "users"."id" != ? LIMIT ?[0m  [["username", "oyier"], ["id", 1], ["LIMIT", 1]]
  ↳ app/controllers/users_controller.rb:4:in `register'
  [1m[36mUser Exists? (0.2ms)[0m  [1m[34mSELECT 1 AS one FROM "users" WHERE "users"."email" = ? AND "users"."id" != ? LIMIT ?[0m  [["email", "mail@google.com"], ["id", 1], ["LIMIT", 1]]
  ↳ app/controllers/users_controller.rb:4:in `register'
Completed 201 Created in 350ms (Views: 0.2ms | ActiveRecord: 36.8ms | Allocations: 4625)


Started POST "/users" for 127.0.0.1 at 2023-03-22 11:26:05 +0300
Processing by UsersController#register as */*
  Parameters: {"username"=>"saa", "email"=>"mail@google.com", "password"=>"[FILTERED]", "user"=>{"username"=>"saa", "email"=>"mail@google.com"}}
[31mUnpermitted parameter: :user. Context: { controller: UsersController, action: register, request: #<ActionDispatch::Request:0x00007fe79c8c2ba8>, params: {"username"=>"saa", "email"=>"mail@google.com", "password"=>"[FILTERED]", "controller"=>"users", "action"=>"register", "user"=>{"username"=>"saa", "email"=>"mail@google.com"}} }[0m
  [1m[36mTRANSACTION (0.1ms)[0m  [1m[36mbegin transaction[0m
  ↳ app/controllers/users_controller.rb:3:in `register'
  [1m[36mUser Exists? (0.2ms)[0m  [1m[34mSELECT 1 AS one FROM "users" WHERE "users"."username" = ? LIMIT ?[0m  [["username", "saa"], ["LIMIT", 1]]
  ↳ app/controllers/users_controller.rb:3:in `register'
  [1m[36mUser Exists? (0.1ms)[0m  [1m[34mSELECT 1 AS one FROM "users" WHERE "users"."email" = ? LIMIT ?[0m  [["email", "mail@google.com"], ["LIMIT", 1]]
  ↳ app/controllers/users_controller.rb:3:in `register'
  [1m[36mTRANSACTION (0.1ms)[0m  [1m[31mrollback transaction[0m
  ↳ app/controllers/users_controller.rb:3:in `register'
Completed 422 Unprocessable Entity in 294ms (ActiveRecord: 1.8ms | Allocations: 5231)


  
ActiveRecord::RecordInvalid (Validation failed: Username is too short (minimum is 5 characters), Email has already been taken):
  
app/controllers/users_controller.rb:3:in `register'
Started POST "/users" for 127.0.0.1 at 2023-03-22 11:26:23 +0300
Processing by UsersController#register as */*
  Parameters: {"username"=>"saa", "email"=>"maol@google.com", "password"=>"[FILTERED]", "user"=>{"username"=>"saa", "email"=>"maol@google.com"}}
[31mUnpermitted parameter: :user. Context: { controller: UsersController, action: register, request: #<ActionDispatch::Request:0x00007fe790142240>, params: {"username"=>"saa", "email"=>"maol@google.com", "password"=>"[FILTERED]", "controller"=>"users", "action"=>"register", "user"=>{"username"=>"saa", "email"=>"maol@google.com"}} }[0m
  [1m[36mTRANSACTION (0.5ms)[0m  [1m[36mbegin transaction[0m
  ↳ app/controllers/users_controller.rb:3:in `register'
  [1m[36mUser Exists? (0.3ms)[0m  [1m[34mSELECT 1 AS one FROM "users" WHERE "users"."username" = ? LIMIT ?[0m  [["username", "saa"], ["LIMIT", 1]]
  ↳ app/controllers/users_controller.rb:3:in `register'
  [1m[36mUser Exists? (0.9ms)[0m  [1m[34mSELECT 1 AS one FROM "users" WHERE "users"."email" = ? LIMIT ?[0m  [["email", "maol@google.com"], ["LIMIT", 1]]
  ↳ app/controllers/users_controller.rb:3:in `register'
  [1m[36mTRANSACTION (0.1ms)[0m  [1m[31mrollback transaction[0m
  ↳ app/controllers/users_controller.rb:3:in `register'
Completed 422 Unprocessable Entity in 282ms (ActiveRecord: 1.7ms | Allocations: 3097)


  
ActiveRecord::RecordInvalid (Validation failed: Username is too short (minimum is 5 characters)):
  
app/controllers/users_controller.rb:3:in `register'
Started POST "/users" for 127.0.0.1 at 2023-03-22 11:26:35 +0300
Processing by UsersController#register as */*
  Parameters: {"username"=>"saa", "email"=>"maol@google.com", "password"=>"[FILTERED]", "user"=>{"username"=>"saa", "email"=>"maol@google.com"}}
[31mUnpermitted parameter: :user. Context: { controller: UsersController, action: register, request: #<ActionDispatch::Request:0x00007fe79ca88a78>, params: {"username"=>"saa", "email"=>"maol@google.com", "password"=>"[FILTERED]", "controller"=>"users", "action"=>"register", "user"=>{"username"=>"saa", "email"=>"maol@google.com"}} }[0m
  [1m[36mTRANSACTION (0.1ms)[0m  [1m[36mbegin transaction[0m
  ↳ app/controllers/users_controller.rb:3:in `register'
  [1m[36mUser Exists? (0.2ms)[0m  [1m[34mSELECT 1 AS one FROM "users" WHERE "users"."username" = ? LIMIT ?[0m  [["username", "saa"], ["LIMIT", 1]]
  ↳ app/controllers/users_controller.rb:3:in `register'
  [1m[36mUser Exists? (2.1ms)[0m  [1m[34mSELECT 1 AS one FROM "users" WHERE "users"."email" = ? LIMIT ?[0m  [["email", "maol@google.com"], ["LIMIT", 1]]
  ↳ app/controllers/users_controller.rb:3:in `register'
  [1m[36mTRANSACTION (0.1ms)[0m  [1m[31mrollback transaction[0m
  ↳ app/controllers/users_controller.rb:3:in `register'
Completed 422 Unprocessable Entity in 287ms (ActiveRecord: 4.1ms | Allocations: 4716)


  
ActiveRecord::RecordInvalid (Validation failed: Username is too short (minimum is 5 characters)):
  
app/controllers/users_controller.rb:3:in `register'
Started GET "/" for 127.0.0.1 at 2023-03-23 10:44:09 +0300
  [1m[36mActiveRecord::SchemaMigration Pluck (0.3ms)[0m  [1m[34mSELECT "schema_migrations"."version" FROM "schema_migrations" ORDER BY "schema_migrations"."version" ASC[0m
Processing by Rails::WelcomeController#index as HTML
  Rendering /usr/share/rvm/gems/ruby-2.7.4/gems/railties-7.0.4.3/lib/rails/templates/rails/welcome/index.html.erb
  Rendered /usr/share/rvm/gems/ruby-2.7.4/gems/railties-7.0.4.3/lib/rails/templates/rails/welcome/index.html.erb (Duration: 15.4ms | Allocations: 766)
Completed 200 OK in 66ms (Views: 29.4ms | ActiveRecord: 0.0ms | Allocations: 6582)


Started GET "/user/login/check/" for 127.0.0.1 at 2023-03-23 10:45:43 +0300
  
ActionController::RoutingError (No route matches [GET] "/user/login/check"):
  
Started GET "/users/login/check/" for 127.0.0.1 at 2023-03-23 10:46:34 +0300
Processing by UsersController#check_login_status as */*
  Parameters: {"username"=>"saa", "email"=>"maol@google.com", "password"=>"[FILTERED]", "user"=>{"username"=>"saa", "email"=>"maol@google.com"}}
Completed 500 Internal Server Error in 12ms (ActiveRecord: 0.7ms | Allocations: 710)


  
NoMethodError (undefined method `-' for nil:NilClass):
  
app/controllers/application_controller.rb:21:in `session_expired?'
Started GET "/users/login/check/" for 127.0.0.1 at 2023-03-23 10:49:59 +0300
Processing by UsersController#check_login_status as */*
  Parameters: {"username"=>"saa", "email"=>"maol@google.com", "password"=>"[FILTERED]", "user"=>{"username"=>"saa", "email"=>"maol@google.com"}}
Completed 200 OK in 1ms (Views: 0.3ms | ActiveRecord: 1.2ms | Allocations: 235)


Started GET "/users/login/check/" for 127.0.0.1 at 2023-03-23 10:50:22 +0300
Processing by UsersController#check_login_status as */*
  Parameters: {"username"=>"saa", "email"=>"maol@google.com", "password"=>"[FILTERED]", "user"=>{"username"=>"saa", "email"=>"maol@google.com"}}
Completed 200 OK in 1ms (Views: 0.3ms | ActiveRecord: 0.0ms | Allocations: 163)


Started GET "/users/login/check/" for 127.0.0.1 at 2023-03-23 10:52:32 +0300
Processing by UsersController#check_login_status as */*
  Parameters: {"username"=>"saa", "email"=>"maol@google.com", "password"=>"[FILTERED]", "user"=>{"username"=>"saa", "email"=>"maol@google.com"}}
Completed 200 OK in 5ms (Views: 0.2ms | ActiveRecord: 0.7ms | Allocations: 216)


Started GET "/users/login/check/" for 127.0.0.1 at 2023-03-23 10:52:55 +0300
Processing by UsersController#check_login_status as */*
  Parameters: {"username"=>"saa", "email"=>"maol@google.com", "password"=>"[FILTERED]", "user"=>{"username"=>"saa", "email"=>"maol@google.com"}}
Completed 500 Internal Server Error in 8ms (ActiveRecord: 0.0ms | Allocations: 1406)


  
NoMethodError (undefined method `-' for "2023-03-23T10:52:32.561+03:00":String
Did you mean?  -@):
  
app/controllers/application_controller.rb:22:in `session_expired?'
Started GET "/users/login/check/" for 127.0.0.1 at 2023-03-23 10:52:57 +0300
Processing by UsersController#check_login_status as */*
  Parameters: {"username"=>"saa", "email"=>"maol@google.com", "password"=>"[FILTERED]", "user"=>{"username"=>"saa", "email"=>"maol@google.com"}}
Completed 500 Internal Server Error in 10ms (ActiveRecord: 0.0ms | Allocations: 1401)


  
NoMethodError (undefined method `-' for "2023-03-23T10:52:32.561+03:00":String
Did you mean?  -@):
  
app/controllers/application_controller.rb:22:in `session_expired?'
Started GET "/users/login/check/" for 127.0.0.1 at 2023-03-23 10:59:42 +0300
Processing by UsersController#check_login_status as */*
  Parameters: {"username"=>"saa", "email"=>"maol@google.com", "password"=>"[FILTERED]", "user"=>{"username"=>"saa", "email"=>"maol@google.com"}}
Filter chain halted as :session_expired? rendered or redirected
Completed 401 Unauthorized in 8ms (Views: 0.3ms | ActiveRecord: 0.8ms | Allocations: 380)


Started GET "/users/login/check/" for 127.0.0.1 at 2023-03-23 11:00:00 +0300
Processing by UsersController#check_login_status as */*
  Parameters: {"username"=>"saa", "email"=>"maol@google.com", "password"=>"[FILTERED]", "user"=>{"username"=>"saa", "email"=>"maol@google.com"}}
Filter chain halted as :session_expired? rendered or redirected
Completed 401 Unauthorized in 6ms (Views: 0.3ms | ActiveRecord: 0.0ms | Allocations: 311)


Started DELETE "/users/logout" for 127.0.0.1 at 2023-03-23 11:01:04 +0300
Processing by UsersController#logout as */*
  Parameters: {"username"=>"saa", "email"=>"maol@google.com", "password"=>"[FILTERED]", "user"=>{"username"=>"saa", "email"=>"maol@google.com"}}
Completed 200 OK in 1ms (Views: 0.2ms | ActiveRecord: 0.0ms | Allocations: 278)


Started GET "/users/login/check" for 127.0.0.1 at 2023-03-23 11:01:28 +0300
Processing by UsersController#check_login_status as */*
  Parameters: {"username"=>"saa", "email"=>"maol@google.com", "password"=>"[FILTERED]", "user"=>{"username"=>"saa", "email"=>"maol@google.com"}}
Filter chain halted as :session_expired? rendered or redirected
Completed 401 Unauthorized in 1ms (Views: 0.2ms | ActiveRecord: 0.0ms | Allocations: 327)


  [1m[36mActiveRecord::SchemaMigration Pluck (0.8ms)[0m  [1m[34mSELECT "schema_migrations"."version" FROM "schema_migrations" ORDER BY "schema_migrations"."version" ASC[0m
Migrating to CreateTodos (20230323082530)
  [1m[36mTRANSACTION (0.1ms)[0m  [1m[36mbegin transaction[0m
  [1m[35m (4.9ms)[0m  [1m[35mCREATE TABLE "todos" ("id" integer PRIMARY KEY AUTOINCREMENT NOT NULL, "title" varchar NOT NULL, "description" text NOT NULL, "status" integer DEFAULT 0 NOT NULL, "priority" integer DEFAULT 0 NOT NULL, "user_id" integer NOT NULL, "created_at" datetime(6) NOT NULL, "updated_at" datetime(6) NOT NULL, CONSTRAINT "fk_rails_d94154aa95"
FOREIGN KEY ("user_id")
  REFERENCES "users" ("id")
)[0m
  [1m[35m (1.3ms)[0m  [1m[35mCREATE INDEX "index_todos_on_user_id" ON "todos" ("user_id")[0m
  [1m[36mActiveRecord::SchemaMigration Create (0.7ms)[0m  [1m[32mINSERT INTO "schema_migrations" ("version") VALUES (?)[0m  [["version", "20230323082530"]]
  [1m[36mTRANSACTION (13.5ms)[0m  [1m[36mcommit transaction[0m
  [1m[36mActiveRecord::InternalMetadata Load (0.3ms)[0m  [1m[34mSELECT "ar_internal_metadata".* FROM "ar_internal_metadata" WHERE "ar_internal_metadata"."key" = ? LIMIT ?[0m  [["key", "environment"], ["LIMIT", 1]]
  [1m[36mActiveRecord::SchemaMigration Pluck (0.1ms)[0m  [1m[34mSELECT "schema_migrations"."version" FROM "schema_migrations" ORDER BY "schema_migrations"."version" ASC[0m
